<?xml version="1.0" encoding="UTF-8"?>
<!-- Generated by org.testng.reporters.JUnitXMLReporter -->
<testsuite hostname="LAPTOP-MKHIF20I" name="Word Chain" tests="3" failures="1" timestamp="5 Nov 2016 09:54:30 GMT" time="16.867" errors="0">
  <testcase name="testGetChain" time="8.865" classname="com.debarnab.test.testClass"/>
  <testcase name="testGetChain" time="0.04" classname="com.debarnab.test.testClass">
    <failure type="java.lang.AssertionError" message="Word Change not possible">
      <![CDATA[java.lang.AssertionError: Word Change not possible
	at com.debarnab.test.testClass.testGetChain(testClass.java:29)
... Removed 26 stack frames]]>
    </failure>
  </testcase> <!-- testGetChain -->
  <testcase name="testGetChain" time="7.794" classname="com.debarnab.test.testClass"/>
</testsuite> <!-- Word Chain -->
