<?xml version="1.0" encoding="UTF-8"?>
<!-- Generated by org.testng.reporters.JUnitXMLReporter -->
<testsuite hostname="Debarnab-PC" name="Word Chain" tests="3" failures="1" timestamp="5 Nov 2016 16:27:15 GMT" time="15.147" errors="0">
  <testcase name="testGetChain" time="7.699" classname="com.debarnab.test.testClass"/>
  <testcase name="testGetChain" time="0.027" classname="com.debarnab.test.testClass">
    <failure type="java.lang.AssertionError" message="Word Change not possible">
      <![CDATA[java.lang.AssertionError: Word Change not possible
	at com.debarnab.test.testClass.testGetChain(testClass.java:29)
... Removed 26 stack frames]]>
    </failure>
  </testcase> <!-- testGetChain -->
  <testcase name="testGetChain" time="6.895" classname="com.debarnab.test.testClass"/>
</testsuite> <!-- Word Chain -->
